TN:
SF:src/utils/useDraggable.ts
FN:38,(anonymous_0)
FN:47,(anonymous_1)
FN:72,(anonymous_2)
FN:83,(anonymous_3)
FN:105,(anonymous_4)
FN:113,(anonymous_5)
FN:128,(anonymous_6)
FN:137,(anonymous_7)
FN:140,(anonymous_8)
FN:145,(anonymous_9)
FN:152,(anonymous_10)
FN:159,(anonymous_11)
FN:162,(anonymous_12)
FN:170,(anonymous_13)
FN:177,(anonymous_14)
FN:184,(anonymous_15)
FN:187,(anonymous_16)
FN:189,(anonymous_17)
FN:190,(anonymous_18)
FN:195,(anonymous_19)
FN:202,(anonymous_20)
FN:212,(anonymous_21)
FN:216,(anonymous_22)
FNF:23
FNH:13
FNDA:21,(anonymous_0)
FNDA:15,(anonymous_1)
FNDA:2,(anonymous_2)
FNDA:2,(anonymous_3)
FNDA:4,(anonymous_4)
FNDA:0,(anonymous_5)
FNDA:0,(anonymous_6)
FNDA:21,(anonymous_7)
FNDA:0,(anonymous_8)
FNDA:0,(anonymous_9)
FNDA:5,(anonymous_10)
FNDA:21,(anonymous_11)
FNDA:0,(anonymous_12)
FNDA:0,(anonymous_13)
FNDA:5,(anonymous_14)
FNDA:15,(anonymous_15)
FNDA:0,(anonymous_16)
FNDA:0,(anonymous_17)
FNDA:0,(anonymous_18)
FNDA:15,(anonymous_19)
FNDA:2,(anonymous_20)
FNDA:4,(anonymous_21)
FNDA:0,(anonymous_22)
DA:1,1
DA:35,1
DA:36,1
DA:38,1
DA:44,21
DA:47,21
DA:48,15
DA:49,15
DA:50,15
DA:51,15
DA:52,0
DA:54,0
DA:60,0
DA:63,15
DA:66,21
DA:67,21
DA:68,21
DA:69,21
DA:72,21
DA:73,2
DA:74,2
DA:75,2
DA:77,0
DA:83,21
DA:84,2
DA:86,2
DA:87,2
DA:90,2
DA:91,0
DA:92,0
DA:93,0
DA:94,0
DA:97,2
DA:98,2
DA:101,2
DA:105,21
DA:106,4
DA:107,4
DA:108,4
DA:109,4
DA:113,21
DA:114,0
DA:116,0
DA:117,0
DA:119,0
DA:124,0
DA:128,21
DA:129,0
DA:130,0
DA:131,0
DA:132,0
DA:137,21
DA:138,21
DA:140,5
DA:141,0
DA:142,0
DA:145,5
DA:146,0
DA:149,5
DA:150,5
DA:152,5
DA:153,5
DA:154,5
DA:159,21
DA:160,21
DA:162,5
DA:163,0
DA:164,0
DA:165,0
DA:166,0
DA:170,5
DA:171,0
DA:174,5
DA:175,5
DA:177,5
DA:178,5
DA:179,5
DA:184,21
DA:187,15
DA:188,0
DA:189,0
DA:190,0
DA:194,15
DA:195,15
DA:196,15
DA:197,15
DA:202,21
DA:203,2
DA:204,2
DA:205,2
DA:208,21
DA:213,4
DA:214,4
DA:217,0
DA:218,0
DA:219,0
DA:220,0
DA:246,1
LF:98
LH:66
BRDA:38,0,0,9
BRDA:40,1,0,12
BRDA:42,2,0,15
BRDA:43,3,0,21
BRDA:48,4,0,15
BRDA:48,4,1,0
BRDA:48,5,0,15
BRDA:48,5,1,15
BRDA:51,6,0,0
BRDA:51,6,1,15
BRDA:73,7,0,2
BRDA:73,7,1,0
BRDA:73,8,0,2
BRDA:73,8,1,2
BRDA:90,9,0,0
BRDA:90,9,1,2
BRDA:91,10,0,0
BRDA:91,10,1,0
BRDA:92,11,0,0
BRDA:92,11,1,0
BRDA:93,12,0,0
BRDA:93,12,1,0
BRDA:94,13,0,0
BRDA:94,13,1,0
BRDA:114,14,0,0
BRDA:114,14,1,0
BRDA:129,15,0,0
BRDA:129,15,1,0
BRDA:138,16,0,16
BRDA:138,16,1,5
BRDA:160,17,0,16
BRDA:160,17,1,5
BRDA:165,18,0,0
BRDA:165,18,1,0
BRDA:219,19,0,0
BRDA:219,19,1,0
BRDA:224,20,0,5
BRDA:224,20,1,16
BRDA:238,21,0,5
BRDA:238,21,1,16
BRDA:239,22,0,5
BRDA:239,22,1,16
BRF:42
BRH:22
end_of_record
